6230 0
22
0x7587d0c8b6fd 0x7587d0c8b750; 0x7587d0c8b76f 0x7587d0c8b7b1; 0x7587d0c8b7cd 0x7587d0c8aec0; 0x7587d0c8aee3 0x7587d0c8aefd; 0x7587d0c8af0c 0x7587d0c8aee8; 0x7587d0c8aee8 0x7587d0d14870; 0xffffffffaa4001de 0x7587d0d14887; 0x7587d0d1488f 0x7587d0c8aeed; 0x7587d0c8aefb 0x7587d0c8af50; 0x7587d0c8af56 0x7587d0c8af2b; 0x7587d0c8af35 0x7587d0c8af41; 0x7587d0c8af4b 0x7587d0c8b7d0; 0x7587d0c8b80d 0x7587d0c8b898; 0x7587d0c8b89f 0x7587d0c8b817; 0x7587d0c8b827 0x7587d0c8b6ff; 0x7587d0c8b705 0x7587d0c8b66e; 0x7587d0c8b67f 0x7587d0c776d2; 0x7587d0c7770e 0x7587d0c91200; 0x7587d0c91221 0x7587d0c77713; 0x7587d0c7773c 0x7587d0c606ca; 0x7587d0c606e1 0x7587d0e7d3ea; 0x7587d0e7d406 0x7587d0e7d0a0; 
6230 0 12288
1024
0xffffffffaa4001de 0x7587d0d1a94f 0
0x7587d0d1a970 0x7587d0e7d590 0
0x7587d0e7d5b8 0x7587d0e7d0b0 0
0x7587d0e7d0b4 0x7587d0c60630 0
0x7587d0c60651 0x7587d0c6068a 0
0x7587d0c606c5 0x7587d0c75030 0
0x7587d0c75080 0x7587d0c75500 0
0x7587d0c75503 0x7587d0c75090 0
0x7587d0c750ab 0x7587d0c76620 0
0x7587d0c76659 0x7587d0c775a0 0
0x7587d0c775f6 0x7587d0c77790 0
0x7587d0c77793 0x7587d0c77606 0
0x7587d0c77660 0x7587d0c75030 0
0x7587d0c75080 0x7587d0c75500 0
0x7587d0c75503 0x7587d0c75090 0
0x7587d0c750dd 0x7587d0c284d0 0
0x7587d0c284d4 0x7587d0cba440 0
0x7587d0cba485 0x7587d0cba490 0
0x7587d0cba4ec 0x7587d0cba5a0 0
0x7587d0cba5a8 0x7587d0c750e2 0
0x7587d0c75148 0x7587d0c8ddc0 0
0x7587d0c8ddf8 0x7587d0c8de40 0
0x7587d0c8de67 0x7587d0c283e0 0
0x7587d0c283e4 0x7587d0cc4930 0
0x7587d0cc493a 0x7587d0cc4987 0
0x7587d0cc49a3 0x7587d0c8de6c 0
0x7587d0c8de77 0x7587d0c8de09 0
0x7587d0c8de0f 0x7587d0c8deb3 0
0x7587d0c8dec4 0x7587d0c7514d 0
0x7587d0c752c3 0x7587d0c760a0 0
0x7587d0c760ac 0x7587d0c75a2c 0
0x7587d0c75a36 0x7587d0c7604c 0
0x7587d0c7604f 0x7587d0c76818 0
0x7587d0c7684b 0x7587d0c75a66 0
0x7587d0c75a6a 0x7587d0c76090 0
0x7587d0c76099 0x7587d0c75a86 0
0x7587d0c75ab9 0x7587d0c5a230 0
0x7587d0c5a24e 0x7587d0c5a2c0 0
0x7587d0c5a2fc 0x7587d0c5a2d0 0
0x7587d0c5a2fc 0x7587d0c5a2d0 0
0x7587d0c5a2fc 0x7587d0c5a2d0 0
0x7587d0c5a301 0x7587d0c75abe 0
0x7587d0c75ae4 0x7587d0c75b19 0
0x7587d0c75b26 0x7587d0c75b4d 0
0x7587d0c75b58 0x7587d0c765c0 0
0x7587d0c765ce 0x7587d0c765ea 0
0x7587d0c76615 0x7587d0c75b90 0
0x7587d0c75b96 0x7587d0c75baf 0
0x7587d0c75bba 0x7587d0c76660 0
0x7587d0c7666e 0x7587d0c77541 0
0x7587d0c77544 0x7587d0c75c02 0
0x7587d0c75c0d 0x7587d0c75c70 0
0x7587d0c75ca5 0x7587d0c8ddc0 0
0x7587d0c8ddf8 0x7587d0c8de40 0
0x7587d0c8de5b 0x7587d0c8de00 0
0x7587d0c8de03 0x7587d0c8dec8 0
0x7587d0c8dee4 0x7587d0c8dfa8 0
0x7587d0c8dfbe 0x7587d0c8dfb0 0
0x7587d0c8dfbe 0x7587d0c8dfb0 0
0x7587d0c8dfbe 0x7587d0c8dfb0 0
0x7587d0c8dfc0 0x7587d0c8df6b 0
0x7587d0c8df75 0x7587d0c8de09 0
0x7587d0c8de0f 0x7587d0c8deb3 0
0x7587d0c8dec4 0x7587d0c75ca9 0
0x7587d0c75ce4 0x7587d0c75f80 0
0x7587d0c75f91 0x7587d0c284d0 0
0x7587d0c284d4 0x7587d0cba440 0
0x7587d0cba48e 0x7587d0c75f96 0
0x7587d0c75fc7 0x7587d0c8ddc0 0
0x7587d0c8ddf8 0x7587d0c8de40 0
0x7587d0c8de5b 0x7587d0c8de00 0
0x7587d0c8de03 0x7587d0c8dec8 0
0x7587d0c8dee4 0x7587d0c8dfa8 0
0x7587d0c8dfc0 0x7587d0c8df6b 0
0x7587d0c8df75 0x7587d0c8de09 0
0x7587d0c8de0f 0x7587d0c8deb3 0
0x7587d0c8dec4 0x7587d0c75fca 0
0x7587d0c76016 0x7587d0c7533d 0
0x7587d0c7537f 0x7587d0c77665 0
0x7587d0c7767b 0x7587d0c911c0 0
0x7587d0c911f3 0x7587d0c77680 0
0x7587d0c77687 0x7587d0c77740 0
0x7587d0c77782 0x7587d0c776a1 0
0x7587d0c776ce 0x7587d0c8b600 0
0x7587d0c8b63d 0x7587d0c8b6a0 0
0x7587d0c8b6d2 0x7587d0c8cdc0 0
0x7587d0c8cdf0 0x7587d0c8ce9c 0
0x7587d0c8cea6 0x7587d0c8c930 0
0x7587d0c8c93b 0x7587d0c8b6d5 0
0x7587d0c8b6ed 0x7587d0c8b6fa 0
0x7587d0c8b6fd 0x7587d0c8b750 0
0x7587d0c8b76f 0x7587d0c8b7b1 0
0x7587d0c8b7cd 0x7587d0c8aec0 0
0x7587d0c8aee3 0x7587d0c8aefd 0
0x7587d0c8af0c 0x7587d0c8aee8 0
0x7587d0c8aee8 0x7587d0d14870 0
0xffffffffaa4001de 0x7587d0d14887 0
0x7587d0d1488f 0x7587d0c8aeed 0
0x7587d0c8aefb 0x7587d0c8af50 0
0x7587d0c8af56 0x7587d0c8af2b 0
0x7587d0c8af35 0x7587d0c8af41 0
0x7587d0c8af4b 0x7587d0c8b7d0 0
0x7587d0c8b80d 0x7587d0c8b898 0
0x7587d0c8b89f 0x7587d0c8b817 0
0x7587d0c8b827 0x7587d0c8b6ff 0
0x7587d0c8b705 0x7587d0c8b66e 0
0x7587d0c8b67f 0x7587d0c776d2 0
0x7587d0c7770e 0x7587d0c91200 0
0x7587d0c91221 0x7587d0c77713 0
0x7587d0c7773c 0x7587d0c606ca 0
0x7587d0c606e1 0x7587d0e7d5bd 0
0x7587d0e7d5bd 0x7587d0e7d5e3 0
0x7587d0e7d60f 0x5f7c13ebf3ee 0
0x5f7c13ebf414 0x5f7c13ebf100 0
0x5f7c13ebf104 0x7587d0c606f0 0
0x7587d0c60719 0x7587d0c60752 0
0x7587d0c6079a 0x7587d0c75030 0
0x7587d0c75080 0x0 0
0x0 0x0 0
0x0 0x0 0
0x0 0x0 0
0x0 0x0 0
0x0 0x0 0
0x0 0x0 0
0x0 0x0 0
0x0 0x0 0
0x0 0x0 0
0x0 0x0 0
0x0 0x0 0
0x0 0x0 0
0x0 0x0 0
0x0 0x0 0
0x0 0x0 0
0x0 0x0 0
0x0 0x0 0
0x0 0x0 0
0x0 0x0 0
0x0 0x0 0
0x0 0x0 0
0x0 0x0 0
0x0 0x0 0
0x0 0x0 0
0x0 0x0 0
0x0 0x0 0
0x0 0x0 0
0x0 0x0 0
0x0 0x0 0
0x0 0x0 0
0x0 0x0 0
0x0 0x0 0
0x0 0x0 0
0x0 0x0 0
0x0 0x0 0
0x0 0x0 0
0x0 0x0 0
0x0 0x0 0
0x0 0x0 0
0x0 0x0 0
0x0 0x0 0
0x0 0x0 0
0x0 0x0 0
0x0 0x0 0
0x0 0x0 0
0x0 0x0 0
0x0 0x0 0
0x0 0x0 0
0x0 0x0 0
0x0 0x0 0
0x0 0x0 0
0x0 0x0 0
0x0 0x0 0
0x0 0x0 0
0x0 0x0 0
0x0 0x0 0
0x0 0x0 0
0x0 0x0 0
0x0 0x0 0
0x0 0x0 0
0x0 0x0 0
0x0 0x0 0
0x0 0x0 0
0x0 0x0 0
0x0 0x0 0
0x0 0x0 0
0x0 0x0 0
0x0 0x0 0
0x0 0x0 0
0x0 0x0 0
0x0 0x0 0
0x0 0x0 0
0x0 0x0 0
0x0 0x0 0
0x0 0x0 0
0x0 0x0 0
0x0 0x0 0
0x0 0x0 0
0x0 0x0 0
0x0 0x0 0
0x0 0x0 0
0x0 0x0 0
0x0 0x0 0
0x0 0x0 0
0x0 0x0 0
0x0 0x0 0
0x0 0x0 0
0x0 0x0 0
0x0 0x0 0
0x0 0x0 0
0x0 0x0 0
0x0 0x0 0
0x0 0x0 0
0x0 0x0 0
0x0 0x0 0
0x0 0x0 0
0x0 0x0 0
0x0 0x0 0
0x0 0x0 0
0x0 0x0 0
0x0 0x0 0
0x0 0x0 0
0x0 0x0 0
0x0 0x0 0
0x0 0x0 0
0x0 0x0 0
0x0 0x0 0
0x0 0x0 0
0x0 0x0 0
0x0 0x0 0
0x0 0x0 0
0x0 0x0 0
0x0 0x0 0
0x0 0x0 0
0x0 0x0 0
0x0 0x0 0
0x0 0x0 0
0x0 0x0 0
0x0 0x0 0
0x0 0x0 0
0x0 0x0 0
0x0 0x0 0
0x0 0x0 0
0x0 0x0 0
0x0 0x0 0
0x0 0x0 0
0x0 0x0 0
0x0 0x0 0
0x0 0x0 0
0x0 0x0 0
0x0 0x0 0
0x0 0x0 0
0x0 0x0 0
0x0 0x0 0
0x0 0x0 0
0x0 0x0 0
0x0 0x0 0
0x0 0x0 0
0x0 0x0 0
0x0 0x0 0
0x0 0x0 0
0x0 0x0 0
0x0 0x0 0
0x0 0x0 0
0x0 0x0 0
0x0 0x0 0
0x0 0x0 0
0x0 0x0 0
0x0 0x0 0
0x0 0x0 0
0x0 0x0 0
0x0 0x0 0
0x0 0x0 0
0x0 0x0 0
0x0 0x0 0
0x0 0x0 0
0x0 0x0 0
0x0 0x0 0
0x0 0x0 0
0x0 0x0 0
0x0 0x0 0
0x0 0x0 0
0x0 0x0 0
0x0 0x0 0
0x0 0x0 0
0x0 0x0 0
0x0 0x0 0
0x0 0x0 0
0x0 0x0 0
0x0 0x0 0
0x0 0x0 0
0x0 0x0 0
0x0 0x0 0
0x0 0x0 0
0x0 0x0 0
0x0 0x0 0
0x0 0x0 0
0x0 0x0 0
0x0 0x0 0
0x0 0x0 0
0x0 0x0 0
0x0 0x0 0
0x0 0x0 0
0x0 0x0 0
0x0 0x0 0
0x0 0x0 0
0x0 0x0 0
0x0 0x0 0
0x0 0x0 0
0x0 0x0 0
0x0 0x0 0
0x0 0x0 0
0x0 0x0 0
0x0 0x0 0
0x0 0x0 0
0x0 0x0 0
0x0 0x0 0
0x0 0x0 0
0x0 0x0 0
0x0 0x0 0
0x0 0x0 0
0x0 0x0 0
0x0 0x0 0
0x0 0x0 0
0x0 0x0 0
0x0 0x0 0
0x0 0x0 0
0x0 0x0 0
0x0 0x0 0
0x0 0x0 0
0x0 0x0 0
0x0 0x0 0
0x0 0x0 0
0x0 0x0 0
0x0 0x0 0
0x0 0x0 0
0x0 0x0 0
0x0 0x0 0
0x0 0x0 0
0x0 0x0 0
0x0 0x0 0
0x0 0x0 0
0x0 0x0 0
0x0 0x0 0
0x0 0x0 0
0x0 0x0 0
0x0 0x0 0
0x0 0x0 0
0x0 0x0 0
0x0 0x0 0
0x0 0x0 0
0x0 0x0 0
0x0 0x0 0
0x0 0x0 0
0x0 0x0 0
0x0 0x0 0
0x0 0x0 0
0x0 0x0 0
0x0 0x0 0
0x0 0x0 0
0x0 0x0 0
0x0 0x0 0
0x0 0x0 0
0x0 0x0 0
0x0 0x0 0
0x0 0x0 0
0x0 0x0 0
0x0 0x0 0
0x0 0x0 0
0x0 0x0 0
0x0 0x0 0
0x0 0x0 0
0x0 0x0 0
0x0 0x0 0
0x0 0x0 0
0x0 0x0 0
0x0 0x0 0
0x0 0x0 0
0x0 0x0 0
0x0 0x0 0
0x0 0x0 0
0x0 0x0 0
0x0 0x0 0
0x0 0x0 0
0x0 0x0 0
0x0 0x0 0
0x0 0x0 0
0x0 0x0 0
0x0 0x0 0
0x0 0x0 0
0x0 0x0 0
0x0 0x0 0
0x0 0x0 0
0x0 0x0 0
0x0 0x0 0
0x0 0x0 0
0x0 0x0 0
0x0 0x0 0
0x0 0x0 0
0x0 0x0 0
0x0 0x0 0
0x0 0x0 0
0x0 0x0 0
0x0 0x0 0
0x0 0x0 0
0x0 0x0 0
0x0 0x0 0
0x0 0x0 0
0x0 0x0 0
0x0 0x0 0
0x0 0x0 0
0x0 0x0 0
0x0 0x0 0
0x0 0x0 0
0x0 0x0 0
0x0 0x0 0
0x0 0x0 0
0x0 0x0 0
0x0 0x0 0
0x0 0x0 0
0x0 0x0 0
0x0 0x0 0
0x0 0x0 0
0x0 0x0 0
0x0 0x0 0
0x0 0x0 0
0x0 0x0 0
0x0 0x0 0
0x0 0x0 0
0x0 0x0 0
0x0 0x0 0
0x0 0x0 0
0x0 0x0 0
0x0 0x0 0
0x0 0x0 0
0x0 0x0 0
0x0 0x0 0
0x0 0x0 0
0x0 0x0 0
0x0 0x0 0
0x0 0x0 0
0x0 0x0 0
0x0 0x0 0
0x0 0x0 0
0x0 0x0 0
0x0 0x0 0
0x0 0x0 0
0x0 0x0 0
0x0 0x0 0
0x0 0x0 0
0x0 0x0 0
0x0 0x0 0
0x0 0x0 0
0x0 0x0 0
0x0 0x0 0
0x0 0x0 0
0x0 0x0 0
0x0 0x0 0
0x0 0x0 0
0x0 0x0 0
0x0 0x0 0
0x0 0x0 0
0x0 0x0 0
0x0 0x0 0
0x0 0x0 0
0x0 0x0 0
0x0 0x0 0
0x0 0x0 0
0x0 0x0 0
0x0 0x0 0
0x0 0x0 0
0x0 0x0 0
0x0 0x0 0
0x0 0x0 0
0x0 0x0 0
0x0 0x0 0
0x0 0x0 0
0x0 0x0 0
0x0 0x0 0
0x0 0x0 0
0x0 0x0 0
0x0 0x0 0
0x0 0x0 0
0x0 0x0 0
0x0 0x0 0
0x0 0x0 0
0x0 0x0 0
0x0 0x0 0
0x0 0x0 0
0x0 0x0 0
0x0 0x0 0
0x0 0x0 0
0x0 0x0 0
0x0 0x0 0
0x0 0x0 0
0x0 0x0 0
0x0 0x0 0
0x0 0x0 0
0x0 0x0 0
0x0 0x0 0
0x0 0x0 0
0x0 0x0 0
0x0 0x0 0
0x0 0x0 0
0x0 0x0 0
0x0 0x0 0
0x0 0x0 0
0x0 0x0 0
0x0 0x0 0
0x0 0x0 0
0x0 0x0 0
0x0 0x0 0
0x0 0x0 0
0x0 0x0 0
0x0 0x3011 0
0x0 0x0 0
0x0 0x0 0
0x0 0x0 0
0x0 0x0 0
0x0 0x0 0
0x0 0x0 0
0x0 0x0 0
0x0 0x0 0
0x0 0x0 0
0x0 0x0 0
0x0 0x0 0
0x0 0x0 0
0x0 0x0 0
0x0 0x0 0
0x0 0x0 0
0x0 0x0 0
0x0 0x0 0
0x0 0x0 0
0x0 0x0 0
0x0 0x0 0
0x0 0x0 0
0x0 0x0 0
0x0 0x0 0
0x0 0x0 0
0x0 0x0 0
0x0 0x0 0
0x0 0x0 0
0x0 0x0 0
0x0 0x0 0
0x0 0x0 0
0x0 0x0 0
0x0 0x0 0
0x0 0x0 0
0x0 0x0 0
0x0 0x0 0
0x0 0x0 0
0x0 0x0 0
0x0 0x0 0
0x0 0x0 0
0x0 0x0 0
0x0 0x0 0
0x0 0x0 0
0x0 0x0 0
0x0 0x0 0
0x0 0x0 0
0x0 0x0 0
0x0 0x0 0
0x0 0x0 0
0x0 0x0 0
0x0 0x0 0
0x0 0x0 0
0x0 0x0 0
0x0 0x0 0
0x0 0x0 0
0x0 0x0 0
0x0 0x0 0
0x0 0x0 0
0x0 0x0 0
0x0 0x0 0
0x0 0x0 0
0x0 0x0 0
0x0 0x0 0
0x0 0x0 0
0x0 0x0 0
0x0 0x0 0
0x0 0x0 0
0x0 0x0 0
0x0 0x0 0
0x0 0x0 0
0x0 0x0 0
0x0 0x0 0
0x0 0x0 0
0x0 0x0 0
0x0 0x0 0
0x0 0x0 0
0x0 0x0 0
0x0 0x0 0
0x0 0x0 0
0x0 0x0 0
0x0 0x0 0
0x0 0x0 0
0x0 0x0 0
0x0 0x0 0
0x0 0x0 0
0x0 0x0 0
0x0 0x0 0
0x0 0x0 0
0x0 0x0 0
0x0 0x0 0
0x0 0x0 0
0x0 0x0 0
0x0 0x0 0
0x0 0x0 0
0x0 0x0 0
0x0 0x0 0
0x0 0x0 0
0x0 0x0 0
0x0 0x0 0
0x0 0x0 0
0x0 0x0 0
0x0 0x0 0
0x0 0x0 0
0x0 0x0 0
0x0 0x0 0
0x0 0x0 0
0x0 0x0 0
0x0 0x0 0
0x0 0x0 0
0x0 0x0 0
0x0 0x0 0
0x0 0x0 0
0x0 0x0 0
0x0 0x0 0
0x0 0x0 0
0x0 0x0 0
0x0 0x0 0
0x0 0x0 0
0x0 0x0 0
0x0 0x0 0
0x0 0x0 0
0x0 0x0 0
0x0 0x0 0
0x0 0x0 0
0x0 0x0 0
0x0 0x0 0
0x0 0x0 0
0x0 0x0 0
0x0 0x0 0
0x0 0x0 0
0x0 0x0 0
0x0 0x0 0
0x0 0x0 0
0x0 0x0 0
0x0 0x0 0
0x0 0x0 0
0x0 0x0 0
0x0 0x0 0
0x0 0x0 0
0x0 0x0 0
0x0 0x0 0
0x0 0x0 0
0x0 0x0 0
0x0 0x0 0
0x0 0x0 0
0x0 0x0 0
0x0 0x0 0
0x0 0x0 0
0x0 0x0 0
0x0 0x0 0
0x0 0x0 0
0x0 0x0 0
0x0 0x0 0
0x0 0x0 0
0x0 0x0 0
0x0 0x0 0
0x0 0x0 0
0x0 0x0 0
0x0 0x0 0
0x0 0x0 0
0x0 0x0 0
0x0 0x0 0
0x0 0x0 0
0x0 0x0 0
0x0 0x0 0
0x0 0x0 0
0x0 0x0 0
0x0 0x0 0
0x0 0x0 0
0x0 0x0 0
0x0 0x0 0
0x0 0x0 0
0x0 0x0 0
0x0 0x0 0
0x0 0x0 0
0x0 0x0 0
0x0 0x0 0
0x0 0x0 0
0x0 0x0 0
0x0 0x0 0
0x0 0x0 0
0x0 0x0 0
0x0 0x0 0
0x0 0x0 0
0x0 0x0 0
0x0 0x0 0
0x0 0x0 0
0x0 0x0 0
0x0 0x0 0
0x0 0x0 0
0x0 0x0 0
0x0 0x0 0
0x0 0x0 0
0x0 0x0 0
0x0 0x0 0
0x0 0x0 0
0x0 0x0 0
0x0 0x0 0
0x0 0x0 0
0x0 0x0 0
0x0 0x0 0
0x0 0x0 0
0x0 0x0 0
0x0 0x0 0
0x0 0x0 0
0x0 0x0 0
0x0 0x0 0
0x0 0x0 0
0x0 0x0 0
0x0 0x0 0
0x0 0x0 0
0x0 0x0 0
0x0 0x0 0
0x0 0x0 0
0x0 0x0 0
0x0 0x0 0
0x0 0x0 0
0x0 0x0 0
0x0 0x0 0
0x0 0x0 0
0x0 0x0 0
0x0 0x0 0
0x0 0x0 0
0x0 0x0 0
0x0 0x0 0
0x0 0x0 0
0x0 0x0 0
0x0 0x0 0
0x0 0x0 0
0x0 0x0 0
0x0 0x0 0
0x0 0x0 0
0x0 0x0 0
0x0 0x0 0
0x0 0x0 0
0x0 0x0 0
0x0 0x0 0
0x0 0x0 0
0x0 0x0 0
0x0 0x0 0
0x0 0x0 0
0x0 0x0 0
0x0 0x0 0
0x0 0x0 0
0x0 0x0 0
0x0 0x0 0
0x0 0x0 0
0x0 0x0 0
0x0 0x0 0
0x0 0x0 0
0x0 0x0 0
0x0 0x0 0
0x0 0x0 0
0x0 0x0 0
0x0 0x0 0
0x0 0x0 0
0x0 0x0 0
0x0 0x0 0
0x0 0x0 0
0x0 0x0 0
0x0 0x0 0
0x0 0x0 0
0x0 0x0 0
0x0 0x0 0
0x0 0x0 0
0x0 0x0 0
0x0 0x0 0
0x0 0x0 0
0x0 0x0 0
0x0 0x0 0
0x0 0x0 0
0x0 0x0 0
0x0 0x0 0
0x0 0x0 0
0x0 0x0 0
0x0 0x0 0
0x0 0x0 0
0x0 0x0 0
0x0 0x0 0
0x0 0x0 0
0x0 0x0 0
0x0 0x0 0
0x0 0x0 0
0x0 0x0 0
0x0 0x0 0
0x0 0x0 0
0x0 0x0 0
0x0 0x0 0
0x0 0x0 0
0x0 0x0 0
0x0 0x0 0
0x0 0x0 0
0x0 0x0 0
0x0 0x0 0
0x0 0x0 0
0x0 0x0 0
0x0 0x0 0
0x0 0x0 0
0x0 0x0 0
0x0 0x0 0
0x0 0x0 0
0x0 0x0 0
0x0 0x0 0
0x0 0x0 0
0x0 0x0 0
0x0 0x0 0
0x0 0x0 0
0x0 0x0 0
0x0 0x0 0
0x0 0x0 0
0x0 0x0 0
0x0 0x0 0
0x0 0x0 0
0x0 0x0 0
0x0 0x0 0
0x0 0x0 0
0x0 0x0 0
0x0 0x0 0
0x0 0x0 0
0x0 0x0 0
0x0 0x0 0
0x0 0x0 0
0x0 0x0 0
0x0 0x0 0
0x0 0x0 0
0x0 0x0 0
0x0 0x0 0
0x0 0x0 0
0x0 0x0 0
0x0 0x0 0
0x0 0x0 0
0x0 0x0 0
0x0 0x0 0
0x0 0x0 0
0x0 0x0 0
0x0 0x0 0
0x0 0x0 0
0x0 0x0 0
0x0 0x0 0
0x0 0x0 0
0x0 0x0 0
0x0 0x0 0
0x0 0x0 0
0x0 0x0 0
0x0 0x0 0
0x0 0x0 0
0x0 0x0 0
0x0 0x0 0
0x0 0x0 0
0x0 0x0 0
0x0 0x0 0
0x0 0x0 0
0x0 0x0 0
0x0 0x0 0
0x0 0x0 0
0x0 0x0 0
0x0 0x0 0
0x0 0x0 0
0x0 0x0 0
0x0 0x0 0
0x0 0x0 0
0x0 0x0 0
0x0 0x0 0
0x0 0x0 0
0x0 0x0 0
0x0 0x0 0
0x0 0x0 0
0x0 0x0 0
0x0 0x0 0
0x0 0x0 0
0x0 0x0 0
0x0 0x0 0
0x0 0x0 0
0x0 0x0 0
0x0 0x0 0
0x0 0x0 0
0x0 0x0 0
0x0 0x0 0
0x0 0x0 0
0x0 0x0 0
0x0 0x0 0
0x0 0x0 0
0x0 0x0 0
0x0 0x0 0
0x0 0x0 0
0x0 0x0 0
0x0 0x0 0
0x0 0x0 0
0x0 0x0 0
0x0 0x0 0
0x0 0x0 0
0x0 0x0 0
0x0 0x0 0
0x0 0x0 0
0x0 0x0 0
0x0 0x0 0
0x0 0x0 0
0x0 0x0 0
0x0 0x0 0
0x0 0x0 0
0x0 0x0 0
0x0 0x0 0
0x0 0x0 0
0x0 0x0 0
0x0 0x0 0
0x0 0x0 0
0x0 0x0 0
0x0 0x0 0
0x0 0x0 0
0x0 0x0 0
0x0 0x0 0
0x0 0x0 0
0x0 0x0 0
0x0 0x0 0
0x0 0x0 0
0x0 0x0 0
0x0 0x0 0
0x0 0x0 0
0x0 0x0 0
0x0 0x0 0
0x0 0x0 0
0x0 0x0 0
0x0 0x0 0
0x0 0x0 0
0x0 0x0 0
0x0 0x0 0
0x0 0x0 0
0x0 0x0 0
0x0 0x0 0
0x0 0x0 0
0x0 0x0 0
0x0 0x0 0
0x0 0x0 0
0x0 0x0 0
0x0 0x0 0
0x0 0x0 0
0x0 0x0 0
0x0 0x0 0
0x0 0x0 0
0x0 0x0 0
0x0 0x0 0
0x0 0x0 0
0x0 0x0 0
0x0 0x0 0
0x0 0x0 0
0x0 0x0 0
0x0 0x0 0
0x0 0x0 0
0x0 0x0 0
0x0 0x0 0
0x0 0x0 0
0x0 0x0 0
0x0 0x0 0
0x0 0x0 0
0x0 0x0 0
0x0 0x0 0
0x0 0x0 0
0x0 0x0 0
0x0 0x0 0
0x0 0x0 0
0x0 0x0 0
0x0 0x0 0
0x0 0x0 0
0x0 0x0 0
0x0 0x0 0
0x0 0x0 0
0x0 0x0 0
0x0 0x0 0
0x0 0x0 0
0x0 0x0 0
0x0 0x0 0
0x0 0x0 0
0x0 0x0 0
0x0 0x0 0
0x0 0x0 0
0x0 0x0 0
0x0 0x0 0
0x0 0x0 0
0x0 0x0 0
0x0 0x0 0
0x0 0x0 0
0x0 0x0 0
0x0 0x0 0
0x0 0x0 0
0x0 0x0 0
0x0 0x0 0
0x0 0x0 0
0x0 0x0 0
0x0 0x0 0
0x0 0x0 0
0x0 0x0 0
0x0 0x0 0
0x0 0x0 0
0x0 0x0 0
0x0 0x0 0
0x0 0x0 0
0x0 0x0 0
0x0 0x0 0
0x0 0x0 0
0x0 0x0 0
0x0 0x0 0
0x0 0x0 0
0x0 0x0 0
0x0 0x0 0
0x0 0x0 0
0x0 0x0 0
0x0 0x0 0
0x0 0x0 0
0x0 0x0 0
0x0 0x0 0
0x0 0x0 0
0x0 0x0 0

